Using pre-set license
Built from '2020.2/release' branch; Version is '2020.2.4f1 (becced5a802b) revision 12504301'; Using compiler version '192528614'; Build Type 'Release'
OS: 'Windows 10 Home; OS build 19042.1288; Version 2009; 64bit' Language: 'no' Physical Memory: 8089 MB
BatchMode: 1, IsHumanControllingUs: 0, StartBugReporterOnCrash: 0, Is64bit: 1, IsPro: 0

 COMMAND LINE ARGUMENTS:
E:\x\Unity Editors\2020.2.4f1\Editor\Unity.exe
-adb2
-batchMode
-noUpm
-name
AssetImportWorker3
-projectPath
E:/uni/year 2/block 1/froggo boggo/froggoboggo/FROGGO BOGGO
-logFile
Logs/AssetImportWorker3.log
-srvPort
55821
Successfully changed project path to: E:/uni/year 2/block 1/froggo boggo/froggoboggo/FROGGO BOGGO
E:/uni/year 2/block 1/froggo boggo/froggoboggo/FROGGO BOGGO
Using Asset Import Pipeline V2.
Refreshing native plugins compatible for Editor in 69.10 ms, found 1 plugins.
Preloading 0 native plugins for Editor in 0.00 ms.
Initialize engine version: 2020.2.4f1 (becced5a802b)
[Subsystems] Discovering subsystems at path E:/x/Unity Editors/2020.2.4f1/Editor/Data/Resources/UnitySubsystems
[Subsystems] Discovering subsystems at path E:/uni/year 2/block 1/froggo boggo/froggoboggo/FROGGO BOGGO/Assets
GfxDevice: creating device client; threaded=0
Direct3D:
    Version:  Direct3D 11.0 [level 11.1]
    Renderer: Intel(R) UHD Graphics 620 (ID=0x5917)
    Vendor:   
    VRAM:     4044 MB
    Driver:   27.20.100.9664
Initialize mono
Mono path[0] = 'E:/x/Unity Editors/2020.2.4f1/Editor/Data/Managed'
Mono path[1] = 'E:/x/Unity Editors/2020.2.4f1/Editor/Data/MonoBleedingEdge/lib/mono/unityjit'
Mono config path = 'E:/x/Unity Editors/2020.2.4f1/Editor/Data/MonoBleedingEdge/etc'
Using monoOptions --debugger-agent=transport=dt_socket,embedding=1,server=y,suspend=n,address=127.0.0.1:56812
Begin MonoManager ReloadAssembly
Registering precompiled unity dll's ...
Register platform support module: E:/x/Unity Editors/2020.2.4f1/Editor/Data/PlaybackEngines/MacStandaloneSupport/UnityEditor.OSXStandalone.Extensions.dll
Register platform support module: E:/x/Unity Editors/2020.2.4f1/Editor/Data/PlaybackEngines/WindowsStandaloneSupport/UnityEditor.WindowsStandalone.Extensions.dll
Registered in 0.001527 seconds.
Native extension for WindowsStandalone target not found
Native extension for OSXStandalone target not found
Refreshing native plugins compatible for Editor in 67.39 ms, found 1 plugins.
Preloading 0 native plugins for Editor in 0.00 ms.
Invoked RoslynAnalysisRunner static constructor.
RoslynAnalysisRunner will not be running.
RoslynAnalysisRunner has terminated.
Mono: successfully reloaded assembly
- Completed reload, in  1.634 seconds
Platform modules already initialized, skipping
Registering precompiled user dll's ...
Registered in 0.000849 seconds.
Begin MonoManager ReloadAssembly
Native extension for WindowsStandalone target not found
Native extension for OSXStandalone target not found
Refreshing native plugins compatible for Editor in 39.00 ms, found 1 plugins.
Preloading 0 native plugins for Editor in 0.00 ms.
Invoked RoslynAnalysisRunner static constructor.
RoslynAnalysisRunner will not be running.
RoslynAnalysisRunner has terminated.
Mono: successfully reloaded assembly
- Completed reload, in  1.913 seconds
Platform modules already initialized, skipping
========================================================================
Worker process is ready to serve import requests
Launched and connected shader compiler UnityShaderCompiler.exe after 0.21 seconds
Refreshing native plugins compatible for Editor in 0.41 ms, found 1 plugins.
Preloading 0 native plugins for Editor in 0.00 ms.
Unloading 2009 Unused Serialized files (Serialized files now loaded: 0)
System memory in use before: 93.1 MB.
System memory in use after: 93.1 MB.

Unloading 25 unused Assets to reduce memory usage. Loaded Objects now: 2453.
Total: 2.314000 ms (FindLiveObjects: 0.196700 ms CreateObjectMapping: 0.082600 ms MarkObjects: 1.911200 ms  DeleteObjects: 0.122300 ms)

========================================================================
Received Import Request.
  path: Assets/Scripts/Player/FollowPlayer.cs
  artifactKey: Guid(38557e5fcb7be6f4d8547c7de20a4ea3) Importer(815301076,1909f56bfc062723c751e8b465ee728b)
Start importing Assets/Scripts/Player/FollowPlayer.cs using Guid(38557e5fcb7be6f4d8547c7de20a4ea3) Importer(815301076,1909f56bfc062723c751e8b465ee728b)  -> (artifact id: 'f2e595f5a2f03f7209a4b59554d806c8') in 0.097711 seconds
  Import took 0.101466 seconds .

========================================================================
Received Import Request.
  Time since last request: 1420.896310 seconds.
  path: Assets/Scripts/World/DontDestroyAudio.cs
  artifactKey: Guid(dc0ff8c9a16af944888c66af73b19a58) Importer(815301076,1909f56bfc062723c751e8b465ee728b)
Start importing Assets/Scripts/World/DontDestroyAudio.cs using Guid(dc0ff8c9a16af944888c66af73b19a58) Importer(815301076,1909f56bfc062723c751e8b465ee728b)  -> (artifact id: 'd68d0242544ffdc12dfcee7799d7f62d') in 0.002558 seconds
  Import took 0.008496 seconds .

========================================================================
Received Import Request.
  Time since last request: 0.018623 seconds.
  path: Assets/Scripts/World/DontDestroyAudio.cs
  artifactKey: Guid(dc0ff8c9a16af944888c66af73b19a58) Importer(815301076,1909f56bfc062723c751e8b465ee728b)
Start importing Assets/Scripts/World/DontDestroyAudio.cs using Guid(dc0ff8c9a16af944888c66af73b19a58) Importer(815301076,1909f56bfc062723c751e8b465ee728b)  -> (artifact id: 'd68d0242544ffdc12dfcee7799d7f62d') in 0.002555 seconds
  Import took 0.006038 seconds .

========================================================================
Received Import Request.
  Time since last request: 1.149250 seconds.
  path: Assets/Scripts/World/Falling_Brick.cs
  artifactKey: Guid(e083c4a454051f442a81f5c21c81508f) Importer(815301076,1909f56bfc062723c751e8b465ee728b)
Start importing Assets/Scripts/World/Falling_Brick.cs using Guid(e083c4a454051f442a81f5c21c81508f) Importer(815301076,1909f56bfc062723c751e8b465ee728b)  -> (artifact id: 'c49a0d6bdd45a77bccf77399a1065199') in 0.002664 seconds
  Import took 0.008268 seconds .

========================================================================
Received Import Request.
  Time since last request: 0.153009 seconds.
  path: Assets/Scripts/World/Falling_Brick.cs
  artifactKey: Guid(e083c4a454051f442a81f5c21c81508f) Importer(815301076,1909f56bfc062723c751e8b465ee728b)
Start importing Assets/Scripts/World/Falling_Brick.cs using Guid(e083c4a454051f442a81f5c21c81508f) Importer(815301076,1909f56bfc062723c751e8b465ee728b)  -> (artifact id: 'c49a0d6bdd45a77bccf77399a1065199') in 0.001427 seconds
  Import took 0.007980 seconds .

========================================================================
Received Import Request.
  Time since last request: 1.377431 seconds.
  path: Assets/Scripts/World/GameMaster.cs
  artifactKey: Guid(2962568a5e1389544aeab07cf9d15ff0) Importer(815301076,1909f56bfc062723c751e8b465ee728b)
Start importing Assets/Scripts/World/GameMaster.cs using Guid(2962568a5e1389544aeab07cf9d15ff0) Importer(815301076,1909f56bfc062723c751e8b465ee728b)  -> (artifact id: '6de10d679e53a0ae24a29d762931e190') in 0.001870 seconds
  Import took 0.004833 seconds .

========================================================================
Received Import Request.
  Time since last request: 0.023707 seconds.
  path: Assets/Scripts/World/GameMaster.cs
  artifactKey: Guid(2962568a5e1389544aeab07cf9d15ff0) Importer(815301076,1909f56bfc062723c751e8b465ee728b)
Start importing Assets/Scripts/World/GameMaster.cs using Guid(2962568a5e1389544aeab07cf9d15ff0) Importer(815301076,1909f56bfc062723c751e8b465ee728b)  -> (artifact id: '6de10d679e53a0ae24a29d762931e190') in 0.001493 seconds
  Import took 0.005124 seconds .

========================================================================
Received Import Request.
  Time since last request: 1.422622 seconds.
  path: Assets/Scripts/World/MainMenu.cs
  artifactKey: Guid(dc238bad5f25593409988cdcff648477) Importer(815301076,1909f56bfc062723c751e8b465ee728b)
Start importing Assets/Scripts/World/MainMenu.cs using Guid(dc238bad5f25593409988cdcff648477) Importer(815301076,1909f56bfc062723c751e8b465ee728b)  -> (artifact id: '8f1bc0d9e88709922445f476f29e7965') in 0.001715 seconds
  Import took 0.005375 seconds .

========================================================================
Received Import Request.
  Time since last request: 0.003210 seconds.
  path: Assets/Scripts/World/MainMenu.cs
  artifactKey: Guid(dc238bad5f25593409988cdcff648477) Importer(815301076,1909f56bfc062723c751e8b465ee728b)
Start importing Assets/Scripts/World/MainMenu.cs using Guid(dc238bad5f25593409988cdcff648477) Importer(815301076,1909f56bfc062723c751e8b465ee728b)  -> (artifact id: '8f1bc0d9e88709922445f476f29e7965') in 0.002348 seconds
  Import took 0.006333 seconds .

========================================================================
Received Import Request.
  Time since last request: 1.551207 seconds.
  path: Assets/Scripts/World/ParallaxBackground.cs
  artifactKey: Guid(3a0db4ec059eb6c4eaee0a01f77966c8) Importer(815301076,1909f56bfc062723c751e8b465ee728b)
Start importing Assets/Scripts/World/ParallaxBackground.cs using Guid(3a0db4ec059eb6c4eaee0a01f77966c8) Importer(815301076,1909f56bfc062723c751e8b465ee728b)  -> (artifact id: 'f90594312244486d5746fc4f6b7b2df1') in 0.001666 seconds
  Import took 0.004813 seconds .

========================================================================
Received Import Request.
  Time since last request: 0.047702 seconds.
  path: Assets/Scripts/World/ParallaxBackground.cs
  artifactKey: Guid(3a0db4ec059eb6c4eaee0a01f77966c8) Importer(815301076,1909f56bfc062723c751e8b465ee728b)
Start importing Assets/Scripts/World/ParallaxBackground.cs using Guid(3a0db4ec059eb6c4eaee0a01f77966c8) Importer(815301076,1909f56bfc062723c751e8b465ee728b)  -> (artifact id: 'f90594312244486d5746fc4f6b7b2df1') in 0.002013 seconds
  Import took 0.006938 seconds .

========================================================================
Received Import Request.
  Time since last request: 0.495792 seconds.
  path: Assets/Scripts/World/Platform.cs
  artifactKey: Guid(55d238ba0f8927d449430c361586a5c0) Importer(815301076,1909f56bfc062723c751e8b465ee728b)
Start importing Assets/Scripts/World/Platform.cs using Guid(55d238ba0f8927d449430c361586a5c0) Importer(815301076,1909f56bfc062723c751e8b465ee728b)  -> (artifact id: 'bdf6a12e505aec6c29970ed2de828bd6') in 0.001508 seconds
  Import took 0.004685 seconds .

========================================================================
Received Import Request.
  Time since last request: 0.000980 seconds.
  path: Assets/Scripts/World/Platform.cs
  artifactKey: Guid(55d238ba0f8927d449430c361586a5c0) Importer(815301076,1909f56bfc062723c751e8b465ee728b)
Start importing Assets/Scripts/World/Platform.cs using Guid(55d238ba0f8927d449430c361586a5c0) Importer(815301076,1909f56bfc062723c751e8b465ee728b)  -> (artifact id: 'bdf6a12e505aec6c29970ed2de828bd6') in 0.001772 seconds
  Import took 0.005462 seconds .

========================================================================
Received Import Request.
  Time since last request: 0.764966 seconds.
  path: Assets/Scripts/World/Platform_Collision.cs
  artifactKey: Guid(de6054954c076f44bb2b824cfc12b3fb) Importer(815301076,1909f56bfc062723c751e8b465ee728b)
Start importing Assets/Scripts/World/Platform_Collision.cs using Guid(de6054954c076f44bb2b824cfc12b3fb) Importer(815301076,1909f56bfc062723c751e8b465ee728b)  -> (artifact id: '92a64e0d251eb810d0707d8091eb6ffa') in 0.002190 seconds
  Import took 0.005407 seconds .

========================================================================
Received Import Request.
  Time since last request: 0.033502 seconds.
  path: Assets/Scripts/World/Platform_Collision.cs
  artifactKey: Guid(de6054954c076f44bb2b824cfc12b3fb) Importer(815301076,1909f56bfc062723c751e8b465ee728b)
Start importing Assets/Scripts/World/Platform_Collision.cs using Guid(de6054954c076f44bb2b824cfc12b3fb) Importer(815301076,1909f56bfc062723c751e8b465ee728b)  -> (artifact id: '92a64e0d251eb810d0707d8091eb6ffa') in 0.001742 seconds
  Import took 0.005443 seconds .

AssetImportWorkerClient::OnTransportError - code=2 error=End of file
