Using pre-set license
Built from '2020.2/release' branch; Version is '2020.2.4f1 (becced5a802b) revision 12504301'; Using compiler version '192528614'; Build Type 'Release'
OS: 'Windows 10 Home; OS build 19042.1288; Version 2009; 64bit' Language: 'no' Physical Memory: 8089 MB
BatchMode: 1, IsHumanControllingUs: 0, StartBugReporterOnCrash: 0, Is64bit: 1, IsPro: 0

 COMMAND LINE ARGUMENTS:
E:\x\Unity Editors\2020.2.4f1\Editor\Unity.exe
-adb2
-batchMode
-noUpm
-name
AssetImportWorker0
-projectPath
E:/uni/year 2/block 1/froggo boggo/froggoboggo/FROGGO BOGGO
-logFile
Logs/AssetImportWorker0.log
-srvPort
57573
Successfully changed project path to: E:/uni/year 2/block 1/froggo boggo/froggoboggo/FROGGO BOGGO
E:/uni/year 2/block 1/froggo boggo/froggoboggo/FROGGO BOGGO
Using Asset Import Pipeline V2.
Refreshing native plugins compatible for Editor in 37.24 ms, found 1 plugins.
Preloading 0 native plugins for Editor in 0.00 ms.
Initialize engine version: 2020.2.4f1 (becced5a802b)
[Subsystems] Discovering subsystems at path E:/x/Unity Editors/2020.2.4f1/Editor/Data/Resources/UnitySubsystems
[Subsystems] Discovering subsystems at path E:/uni/year 2/block 1/froggo boggo/froggoboggo/FROGGO BOGGO/Assets
GfxDevice: creating device client; threaded=0
Direct3D:
    Version:  Direct3D 11.0 [level 11.1]
    Renderer: Intel(R) UHD Graphics 620 (ID=0x5917)
    Vendor:   
    VRAM:     4044 MB
    Driver:   27.20.100.9664
Initialize mono
Mono path[0] = 'E:/x/Unity Editors/2020.2.4f1/Editor/Data/Managed'
Mono path[1] = 'E:/x/Unity Editors/2020.2.4f1/Editor/Data/MonoBleedingEdge/lib/mono/unityjit'
Mono config path = 'E:/x/Unity Editors/2020.2.4f1/Editor/Data/MonoBleedingEdge/etc'
Using monoOptions --debugger-agent=transport=dt_socket,embedding=1,server=y,suspend=n,address=127.0.0.1:56312
Begin MonoManager ReloadAssembly
Registering precompiled unity dll's ...
Register platform support module: E:/x/Unity Editors/2020.2.4f1/Editor/Data/PlaybackEngines/MacStandaloneSupport/UnityEditor.OSXStandalone.Extensions.dll
Register platform support module: E:/x/Unity Editors/2020.2.4f1/Editor/Data/PlaybackEngines/WindowsStandaloneSupport/UnityEditor.WindowsStandalone.Extensions.dll
Registered in 0.001187 seconds.
Native extension for WindowsStandalone target not found
Native extension for OSXStandalone target not found
Refreshing native plugins compatible for Editor in 62.81 ms, found 1 plugins.
Preloading 0 native plugins for Editor in 0.00 ms.
Invoked RoslynAnalysisRunner static constructor.
RoslynAnalysisRunner will not be running.
RoslynAnalysisRunner has terminated.
Mono: successfully reloaded assembly
- Completed reload, in  1.940 seconds
Platform modules already initialized, skipping
Registering precompiled user dll's ...
Registered in 0.000728 seconds.
Begin MonoManager ReloadAssembly
Native extension for WindowsStandalone target not found
Native extension for OSXStandalone target not found
Refreshing native plugins compatible for Editor in 43.84 ms, found 1 plugins.
Preloading 0 native plugins for Editor in 0.00 ms.
Invoked RoslynAnalysisRunner static constructor.
RoslynAnalysisRunner will not be running.
RoslynAnalysisRunner has terminated.
Mono: successfully reloaded assembly
- Completed reload, in  0.984 seconds
Platform modules already initialized, skipping
========================================================================
Worker process is ready to serve import requests
Launched and connected shader compiler UnityShaderCompiler.exe after 0.11 seconds
Refreshing native plugins compatible for Editor in 0.41 ms, found 1 plugins.
Preloading 0 native plugins for Editor in 0.00 ms.
Unloading 2009 Unused Serialized files (Serialized files now loaded: 0)
System memory in use before: 93.1 MB.
System memory in use after: 93.0 MB.

Unloading 25 unused Assets to reduce memory usage. Loaded Objects now: 2453.
Total: 2.528100 ms (FindLiveObjects: 0.195200 ms CreateObjectMapping: 0.149300 ms MarkObjects: 2.055200 ms  DeleteObjects: 0.127500 ms)

========================================================================
Received Import Request.
  path: Assets/Scripts/Player/GrapplingGun.cs
  artifactKey: Guid(2df87d28dc270174d9df6d438f978cb1) Importer(815301076,1909f56bfc062723c751e8b465ee728b)
Start importing Assets/Scripts/Player/GrapplingGun.cs using Guid(2df87d28dc270174d9df6d438f978cb1) Importer(815301076,1909f56bfc062723c751e8b465ee728b)  -> (artifact id: '41da005cf6ed33a4360a5d7d4fd69c88') in 0.031086 seconds
  Import took 0.034539 seconds .

========================================================================
Received Import Request.
  Time since last request: 0.000490 seconds.
  path: Assets/Scripts/Player
  artifactKey: Guid(ff7c3c73b04ec6447ad6fa43e1a46e4e) Importer(815301076,1909f56bfc062723c751e8b465ee728b)
Start importing Assets/Scripts/Player using Guid(ff7c3c73b04ec6447ad6fa43e1a46e4e) Importer(815301076,1909f56bfc062723c751e8b465ee728b)  -> (artifact id: 'f481526908a20a000d442c2517e238e8') in 0.001230 seconds
  Import took 0.004312 seconds .

========================================================================
Received Import Request.
  Time since last request: 36.738766 seconds.
  path: Assets/Scripts/Player/GrapplingGun.cs
  artifactKey: Guid(2df87d28dc270174d9df6d438f978cb1) Importer(815301076,1909f56bfc062723c751e8b465ee728b)
Start importing Assets/Scripts/Player/GrapplingGun.cs using Guid(2df87d28dc270174d9df6d438f978cb1) Importer(815301076,1909f56bfc062723c751e8b465ee728b)  -> (artifact id: '7a9b3520bb6127d6cc3d0f5dcfca85f7') in 0.002408 seconds
  Import took 0.130678 seconds .

========================================================================
Received Prepare
Registering precompiled user dll's ...
Registered in 0.000699 seconds.
Begin MonoManager ReloadAssembly
Native extension for WindowsStandalone target not found
Native extension for OSXStandalone target not found
Refreshing native plugins compatible for Editor in 0.44 ms, found 1 plugins.
Preloading 0 native plugins for Editor in 0.00 ms.
Invoked RoslynAnalysisRunner static constructor.
RoslynAnalysisRunner will not be running.
RoslynAnalysisRunner has terminated.
Mono: successfully reloaded assembly
- Completed reload, in  1.213 seconds
Platform modules already initialized, skipping
Refreshing native plugins compatible for Editor in 0.47 ms, found 1 plugins.
Preloading 0 native plugins for Editor in 0.00 ms.
Unloading 1989 Unused Serialized files (Serialized files now loaded: 0)
System memory in use before: 91.9 MB.
System memory in use after: 91.9 MB.

Unloading 13 unused Assets to reduce memory usage. Loaded Objects now: 2456.
Total: 4.393200 ms (FindLiveObjects: 1.245100 ms CreateObjectMapping: 0.435000 ms MarkObjects: 2.604300 ms  DeleteObjects: 0.105700 ms)

========================================================================
Received Prepare
Refreshing native plugins compatible for Editor in 1.33 ms, found 1 plugins.
Preloading 0 native plugins for Editor in 0.00 ms.
Unloading 10 Unused Serialized files (Serialized files now loaded: 0)
System memory in use before: 52.7 MB.
System memory in use after: 52.7 MB.

Unloading 10 unused Assets to reduce memory usage. Loaded Objects now: 2456.
Total: 2.799000 ms (FindLiveObjects: 0.256900 ms CreateObjectMapping: 0.183700 ms MarkObjects: 2.241200 ms  DeleteObjects: 0.116100 ms)

AssetImportWorkerClient::OnTransportError - code=2 error=End of file
